<?xml version="1.0" encoding="UTF-8"?>
<!-- Generated by org.testng.reporters.JUnitXMLReporter -->
<testsuite hostname="LAPTOP-KPEO1V76" ignored="0" name="Command line test" tests="9" failures="0" timestamp="18 Jun 2021 11:26:43 GMT" time="0.051" errors="0">
  <testcase name="Demo" time="0.001" classname="test.Testcase1"/>
  <testcase name="HomeLoan" time="0.0" classname="test.Testcase1"/>
  <testcase name="UAT" time="0.0" classname="test.Testcase1"/>
  <testcase name="Demo2" time="0.001" classname="test.Testcase2"/>
  <testcase name="HomeLoan2" time="0.0" classname="test.Testcase2"/>
  <testcase name="UAT2" time="0.0" classname="test.Testcase2"/>
  <testcase name="Demo3" time="0.0" classname="test.Testcase3"/>
  <testcase name="HomeLoan3" time="0.0" classname="test.Testcase3"/>
  <testcase name="UAT3" time="0.001" classname="test.Testcase3"/>
</testsuite> <!-- Command line test -->
