<?xml version="1.0" encoding="UTF-8"?>
<testsuite xmlns:xsi="http://www.w3.org/2001/XMLSchema-instance" xsi:noNamespaceSchemaLocation="https://maven.apache.org/surefire/maven-surefire-plugin/xsd/surefire-test-report-3.0.xsd" version="3.0" name="test.Testcase1" time="0.684" tests="3" errors="0" skipped="0" failures="0">
  <properties>
[...]
</properties>
  <testcase name="Demo" classname="test.Testcase1" time="0.001">
    <system-out><![CDATA[before test 
Demo TestCase
]]></system-out>
  </testcase>
  <testcase name="HomeLoan" classname="test.Testcase1" time="0">
    <system-out><![CDATA[HomeLoan TestCase
]]></system-out>
  </testcase>
  <testcase name="UAT" classname="test.Testcase1" time="0.001">
    <system-out><![CDATA[UAT TestCase
]]></system-out>
  </testcase>
</testsuite>