<?xml version="1.0" encoding="UTF-8"?>
<testng-results skipped="0" failed="0" ignored="0" total="3" passed="3">
  <reporter-output>
  </reporter-output>
  <suite name="Suite" duration-ms="30" started-at="2021-06-18T19:11:53Z" finished-at="2021-06-18T19:11:53Z">
    <groups>
    </groups>
    <test name="Test" duration-ms="30" started-at="2021-06-18T19:11:53Z" finished-at="2021-06-18T19:11:53Z">
      <class name="test.Testcase3">
        <test-method status="PASS" signature="bf3()[pri:0, instance:test.Testcase3@2ed94a8b]" name="bf3" is-config="true" duration-ms="12" started-at="2021-06-18T19:11:53Z" finished-at="2021-06-18T19:11:53Z">
          <reporter-output>
          </reporter-output>
        </test-method> <!-- bf3 -->
        <test-method status="PASS" signature="Demo3()[pri:0, instance:test.Testcase3@2ed94a8b]" name="Demo3" duration-ms="1" started-at="2021-06-18T19:11:53Z" finished-at="2021-06-18T19:11:53Z">
          <reporter-output>
          </reporter-output>
        </test-method> <!-- Demo3 -->
        <test-method status="PASS" signature="HomeLoan3()[pri:0, instance:test.Testcase3@2ed94a8b]" name="HomeLoan3" duration-ms="0" started-at="2021-06-18T19:11:53Z" finished-at="2021-06-18T19:11:53Z">
          <reporter-output>
          </reporter-output>
        </test-method> <!-- HomeLoan3 -->
        <test-method status="PASS" signature="UAT3()[pri:0, instance:test.Testcase3@2ed94a8b]" name="UAT3" duration-ms="0" started-at="2021-06-18T19:11:53Z" finished-at="2021-06-18T19:11:53Z">
          <reporter-output>
          </reporter-output>
        </test-method> <!-- UAT3 -->
      </class> <!-- test.Testcase3 -->
    </test> <!-- Test -->
  </suite> <!-- Suite -->
</testng-results>
